<?xml version="1.0" encoding="UTF-8"?>
<testng-results skipped="0" failed="0" total="1" passed="1">
  <reporter-output>
  </reporter-output>
  <suite name="Suite" duration-ms="19583" started-at="2018-02-04T11:16:00Z" finished-at="2018-02-04T11:16:20Z">
    <groups>
    </groups>
    <test name="Test" duration-ms="19583" started-at="2018-02-04T11:16:00Z" finished-at="2018-02-04T11:16:20Z">
      <class name="qsp.Demo1">
        <test-method status="PASS" signature="testA()[pri:0, instance:qsp.Demo1@6bf256fa]" name="testA" duration-ms="19552" started-at="2018-02-04T16:46:00Z" finished-at="2018-02-04T16:46:20Z">
          <reporter-output>
          </reporter-output>
        </test-method> <!-- testA -->
      </class> <!-- qsp.Demo1 -->
    </test> <!-- Test -->
  </suite> <!-- Suite -->
</testng-results>
